0 info it worked if it ends with ok
1 verbose cli [ '/usr/local/Cellar/node/5.1.0/bin/node',
1 verbose cli   '/usr/local/bin/npm',
1 verbose cli   'run',
1 verbose cli   'add:page',
1 verbose cli   'aa' ]
2 info using npm@3.3.12
3 info using node@v5.1.0
4 verbose config Skipping project config: /Users/faker/.npmrc. (matches userconfig)
5 verbose stack Error: ENOENT: no such file or directory, open '/Users/faker/package.json'
5 verbose stack     at Error (native)
6 verbose cwd /Users/faker/workspace/my_vue
7 error Darwin 15.6.0
8 error argv "/usr/local/Cellar/node/5.1.0/bin/node" "/usr/local/bin/npm" "run" "add:page" "aa"
9 error node v5.1.0
10 error npm  v3.3.12
11 error path /Users/faker/package.json
12 error code ENOENT
13 error errno -2
14 error syscall open
15 error enoent ENOENT: no such file or directory, open '/Users/faker/package.json'
15 error enoent This is most likely not a problem with npm itself
15 error enoent and is related to npm not being able to find a file.
16 verbose exit [ -2, true ]
